<?xml version="1.0" encoding="UTF-8"?>
<!-- Generated by org.testng.reporters.JUnitReportReporter -->
<testsuite hostname="XIPL9914" failures="0" tests="1" name="com.clrtrp.TestPages.LoginPageTest" time="5.022" errors="0" timestamp="11 Oct 2021 14:24:43 GMT" skipped="0">
  <testcase classname="com.clrtrp.TestPages.LoginPageTest" name="LoginTest" time="5.022"/>
</testsuite> <!-- com.clrtrp.TestPages.LoginPageTest -->
