<?xml version="1.0" encoding="UTF-8"?>
<!-- Generated by org.testng.reporters.JUnitReportReporter -->
<testsuite skipped="0" hostname="DESKTOP-JC2CKGE" name="com.clrtrp.qa.Base.Base" tests="1" failures="0" timestamp="06 Jun 2020 11:47:40 GMT" time="10.941" errors="0">
  <testcase name="intitialisation" time="10.941" classname="com.clrtrp.qa.Base.Base"/>
</testsuite> <!-- com.clrtrp.qa.Base.Base -->
