<?xml version="1.0" encoding="UTF-8"?>
<!-- Generated by org.testng.reporters.JUnitReportReporter -->
<testsuite skipped="0" hostname="DESKTOP-JC2CKGE" name="com.clrtrp.TestPages.LoginPageTest" tests="1" failures="0" timestamp="24 Aug 2020 13:56:11 GMT" time="43.360" errors="0">
  <testcase name="LoginTest" time="43.360" classname="com.clrtrp.TestPages.LoginPageTest"/>
</testsuite> <!-- com.clrtrp.TestPages.LoginPageTest -->
